<?xml version="1.0" encoding="UTF-8"?>
<robot generator="Robot 4.1.2 (Python 3.9.1 on win32)" generated="20220310 21:00:38.163" rpa="false" schemaversion="2">
<suite id="s1" name="Swaglab" source="D:\DOJOBOX\Web Automation\swaglab\swaglab.robot">
<kw name="Open Browser" library="SeleniumLibrary" type="SETUP">
<arg>${webURL}</arg>
<arg>${BROWSERS}</arg>
<doc>Opens a new browser instance to the optional ``url``.</doc>
<msg timestamp="20220310 21:00:39.345" level="INFO">Opening browser 'chrome' to base url 'https://www.saucedemo.com/'.</msg>
<status status="PASS" starttime="20220310 21:00:39.343" endtime="20220310 21:01:06.210"/>
</kw>
<test id="s1-t1" name="I login with invalid username and invalid password for User A">
<kw name="I login with invalid username and invalid password">
<arg>userA</arg>
<arg>passwordA</arg>
<kw name="Maximize Browser Window" library="SeleniumLibrary">
<doc>Maximizes current browser window.</doc>
<status status="PASS" starttime="20220310 21:01:06.224" endtime="20220310 21:01:06.389"/>
</kw>
<kw name="Input Text" library="SeleniumLibrary">
<arg>id:user-name</arg>
<arg>${username}</arg>
<doc>Types the given ``text`` into the text field identified by ``locator``.</doc>
<msg timestamp="20220310 21:01:06.392" level="INFO">Typing text 'userA' into text field 'id:user-name'.</msg>
<status status="PASS" starttime="20220310 21:01:06.390" endtime="20220310 21:01:06.831"/>
</kw>
<kw name="Input Text" library="SeleniumLibrary">
<arg>id:password</arg>
<arg>${passwords}</arg>
<doc>Types the given ``text`` into the text field identified by ``locator``.</doc>
<msg timestamp="20220310 21:01:06.833" level="INFO">Typing text 'passwordA' into text field 'id:password'.</msg>
<status status="PASS" starttime="20220310 21:01:06.831" endtime="20220310 21:01:07.197"/>
</kw>
<kw name="Click Button" library="SeleniumLibrary">
<arg>id:login-button</arg>
<doc>Clicks the button identified by ``locator``.</doc>
<msg timestamp="20220310 21:01:07.199" level="INFO">Clicking button 'id:login-button'.</msg>
<status status="PASS" starttime="20220310 21:01:07.198" endtime="20220310 21:01:07.431"/>
</kw>
<kw name="Element Should Be Visible" library="SeleniumLibrary">
<arg>//h3[@data-test="error"]</arg>
<doc>Verifies that the element identified by ``locator`` is visible.</doc>
<msg timestamp="20220310 21:01:07.539" level="INFO">Element '//h3[@data-test="error"]' is displayed.</msg>
<status status="PASS" starttime="20220310 21:01:07.433" endtime="20220310 21:01:07.539"/>
</kw>
<kw name="Page Should Contain" library="SeleniumLibrary">
<arg>Epic sadface: Username and password do not match any user in this service</arg>
<doc>Verifies that current page contains ``text``.</doc>
<msg timestamp="20220310 21:01:07.592" level="INFO">Current page contains text 'Epic sadface: Username and password do not match any user in this service'.</msg>
<status status="PASS" starttime="20220310 21:01:07.540" endtime="20220310 21:01:07.593"/>
</kw>
<status status="PASS" starttime="20220310 21:01:06.221" endtime="20220310 21:01:07.594"/>
</kw>
<status status="PASS" starttime="20220310 21:01:06.212" endtime="20220310 21:01:07.595"/>
</test>
<test id="s1-t2" name="I login with invalid username and invalid password for User B">
<kw name="I login with invalid username and invalid password">
<arg>userB</arg>
<arg>passwordB</arg>
<kw name="Maximize Browser Window" library="SeleniumLibrary">
<doc>Maximizes current browser window.</doc>
<status status="PASS" starttime="20220310 21:01:07.604" endtime="20220310 21:01:07.613"/>
</kw>
<kw name="Input Text" library="SeleniumLibrary">
<arg>id:user-name</arg>
<arg>${username}</arg>
<doc>Types the given ``text`` into the text field identified by ``locator``.</doc>
<msg timestamp="20220310 21:01:07.615" level="INFO">Typing text 'userB' into text field 'id:user-name'.</msg>
<status status="PASS" starttime="20220310 21:01:07.614" endtime="20220310 21:01:07.877"/>
</kw>
<kw name="Input Text" library="SeleniumLibrary">
<arg>id:password</arg>
<arg>${passwords}</arg>
<doc>Types the given ``text`` into the text field identified by ``locator``.</doc>
<msg timestamp="20220310 21:01:07.879" level="INFO">Typing text 'passwordB' into text field 'id:password'.</msg>
<status status="PASS" starttime="20220310 21:01:07.878" endtime="20220310 21:01:08.186"/>
</kw>
<kw name="Click Button" library="SeleniumLibrary">
<arg>id:login-button</arg>
<doc>Clicks the button identified by ``locator``.</doc>
<msg timestamp="20220310 21:01:08.188" level="INFO">Clicking button 'id:login-button'.</msg>
<status status="PASS" starttime="20220310 21:01:08.187" endtime="20220310 21:01:08.322"/>
</kw>
<kw name="Element Should Be Visible" library="SeleniumLibrary">
<arg>//h3[@data-test="error"]</arg>
<doc>Verifies that the element identified by ``locator`` is visible.</doc>
<msg timestamp="20220310 21:01:08.408" level="INFO">Element '//h3[@data-test="error"]' is displayed.</msg>
<status status="PASS" starttime="20220310 21:01:08.323" endtime="20220310 21:01:08.409"/>
</kw>
<kw name="Page Should Contain" library="SeleniumLibrary">
<arg>Epic sadface: Username and password do not match any user in this service</arg>
<doc>Verifies that current page contains ``text``.</doc>
<msg timestamp="20220310 21:01:08.452" level="INFO">Current page contains text 'Epic sadface: Username and password do not match any user in this service'.</msg>
<status status="PASS" starttime="20220310 21:01:08.411" endtime="20220310 21:01:08.452"/>
</kw>
<status status="PASS" starttime="20220310 21:01:07.601" endtime="20220310 21:01:08.453"/>
</kw>
<status status="PASS" starttime="20220310 21:01:07.599" endtime="20220310 21:01:08.454"/>
</test>
<test id="s1-t3" name="I login with invalid username and invalid password for User C">
<kw name="I login with invalid username and invalid password">
<arg>userC</arg>
<arg>passwordC</arg>
<kw name="Maximize Browser Window" library="SeleniumLibrary">
<doc>Maximizes current browser window.</doc>
<status status="PASS" starttime="20220310 21:01:08.464" endtime="20220310 21:01:08.474"/>
</kw>
<kw name="Input Text" library="SeleniumLibrary">
<arg>id:user-name</arg>
<arg>${username}</arg>
<doc>Types the given ``text`` into the text field identified by ``locator``.</doc>
<msg timestamp="20220310 21:01:08.476" level="INFO">Typing text 'userC' into text field 'id:user-name'.</msg>
<status status="PASS" starttime="20220310 21:01:08.474" endtime="20220310 21:01:08.738"/>
</kw>
<kw name="Input Text" library="SeleniumLibrary">
<arg>id:password</arg>
<arg>${passwords}</arg>
<doc>Types the given ``text`` into the text field identified by ``locator``.</doc>
<msg timestamp="20220310 21:01:08.741" level="INFO">Typing text 'passwordC' into text field 'id:password'.</msg>
<status status="PASS" starttime="20220310 21:01:08.739" endtime="20220310 21:01:09.060"/>
</kw>
<kw name="Click Button" library="SeleniumLibrary">
<arg>id:login-button</arg>
<doc>Clicks the button identified by ``locator``.</doc>
<msg timestamp="20220310 21:01:09.061" level="INFO">Clicking button 'id:login-button'.</msg>
<status status="PASS" starttime="20220310 21:01:09.060" endtime="20220310 21:01:09.187"/>
</kw>
<kw name="Element Should Be Visible" library="SeleniumLibrary">
<arg>//h3[@data-test="error"]</arg>
<doc>Verifies that the element identified by ``locator`` is visible.</doc>
<msg timestamp="20220310 21:01:09.251" level="INFO">Element '//h3[@data-test="error"]' is displayed.</msg>
<status status="PASS" starttime="20220310 21:01:09.188" endtime="20220310 21:01:09.252"/>
</kw>
<kw name="Page Should Contain" library="SeleniumLibrary">
<arg>Epic sadface: Username and password do not match any user in this service</arg>
<doc>Verifies that current page contains ``text``.</doc>
<msg timestamp="20220310 21:01:09.287" level="INFO">Current page contains text 'Epic sadface: Username and password do not match any user in this service'.</msg>
<status status="PASS" starttime="20220310 21:01:09.252" endtime="20220310 21:01:09.288"/>
</kw>
<status status="PASS" starttime="20220310 21:01:08.462" endtime="20220310 21:01:09.289"/>
</kw>
<status status="PASS" starttime="20220310 21:01:08.460" endtime="20220310 21:01:09.291"/>
</test>
<kw name="Close Browser" library="SeleniumLibrary" type="TEARDOWN">
<doc>Closes the current browser.</doc>
<status status="PASS" starttime="20220310 21:01:09.297" endtime="20220310 21:01:12.355"/>
</kw>
<status status="PASS" starttime="20220310 21:00:38.170" endtime="20220310 21:01:12.355"/>
</suite>
<statistics>
<total>
<stat pass="3" fail="0" skip="0">All Tests</stat>
</total>
<tag>
</tag>
<suite>
<stat pass="3" fail="0" skip="0" id="s1" name="Swaglab">Swaglab</stat>
</suite>
</statistics>
<errors>
</errors>
</robot>
